<?xml version="1.0" encoding="UTF-8"?>
<testsuite xmlns:xsi="http://www.w3.org/2001/XMLSchema-instance" xsi:noNamespaceSchemaLocation="https://maven.apache.org/surefire/maven-surefire-plugin/xsd/surefire-test-report.xsd" version="3.0.2" name="com.RRTS.RRTS.RrtsApplicationTests" time="4.8" tests="1" errors="0" skipped="0" failures="0">
  <properties>
[...]
</properties>
  <testcase name="contextLoads" classname="com.RRTS.RRTS.RrtsApplicationTests" time="0.821">
    <system-out><![CDATA[10:27:21.802 [main] INFO org.springframework.test.context.support.AnnotationConfigContextLoaderUtils -- Could not detect default configuration classes for test class [com.RRTS.RRTS.RrtsApplicationTests]: RrtsApplicationTests does not declare any static, non-private, non-final, nested classes annotated with @Configuration.
10:27:21.912 [main] INFO org.springframework.boot.test.context.SpringBootTestContextBootstrapper -- Found @SpringBootConfiguration com.RRTS.RRTS.RrtsApplication for test class com.RRTS.RRTS.RrtsApplicationTests
10:27:22.099 [main] INFO org.springframework.boot.devtools.restart.RestartApplicationListener -- Restart disabled due to context in which it is running

  .   ____          _            __ _ _
 /\\ / ___'_ __ _ _(_)_ __  __ _ \ \ \ \
( ( )\___ | '_ | '_| | '_ \/ _` | \ \ \ \
 \\/  ___)| |_)| | | | | || (_| |  ) ) ) )
  '  |____| .__|_| |_|_| |_\__, | / / / /
 =========|_|==============|___/=/_/_/_/

 :: Spring Boot ::                (v3.4.3)

2025-04-08T10:27:22.385+05:30  INFO 26276 --- [RRTS] [           main] com.RRTS.RRTS.RrtsApplicationTests       : Starting RrtsApplicationTests using Java 21.0.3 with PID 26276 (started by aditj in C:\Users\aditj\eclipse-workspace\rrts2)
2025-04-08T10:27:22.387+05:30  INFO 26276 --- [RRTS] [           main] com.RRTS.RRTS.RrtsApplicationTests       : No active profile set, falling back to 1 default profile: "default"
2025-04-08T10:27:23.095+05:30  INFO 26276 --- [RRTS] [           main] .s.d.r.c.RepositoryConfigurationDelegate : Bootstrapping Spring Data MongoDB repositories in DEFAULT mode.
2025-04-08T10:27:23.163+05:30  INFO 26276 --- [RRTS] [           main] .s.d.r.c.RepositoryConfigurationDelegate : Finished Spring Data repository scanning in 61 ms. Found 8 MongoDB repository interfaces.
2025-04-08T10:27:23.840+05:30  INFO 26276 --- [RRTS] [           main] org.mongodb.driver.client                : MongoClient with metadata {"driver": {"name": "mongo-java-driver|sync|spring-boot", "version": "5.2.1"}, "os": {"type": "Windows", "name": "Windows 11", "architecture": "amd64", "version": "10.0"}, "platform": "Java/Eclipse Adoptium/21.0.3+9-LTS"} created with settings MongoClientSettings{readPreference=primary, writeConcern=WriteConcern{w=majority, wTimeout=null ms, journal=null}, retryWrites=true, retryReads=true, readConcern=ReadConcern{level=null}, credential=MongoCredential{mechanism=null, userName='Kali_Cluster', source='admin', password=<hidden>, mechanismProperties=<hidden>}, transportSettings=null, commandListeners=[], codecRegistry=ProvidersCodecRegistry{codecProviders=[ValueCodecProvider{}, BsonValueCodecProvider{}, DBRefCodecProvider{}, DBObjectCodecProvider{}, DocumentCodecProvider{}, CollectionCodecProvider{}, IterableCodecProvider{}, MapCodecProvider{}, GeoJsonCodecProvider{}, GridFSFileCodecProvider{}, Jsr310CodecProvider{}, JsonObjectCodecProvider{}, BsonCodecProvider{}, EnumCodecProvider{}, com.mongodb.client.model.mql.ExpressionCodecProvider@52b959df, com.mongodb.Jep395RecordCodecProvider@38588dea, com.mongodb.KotlinCodecProvider@553d2579]}, loggerSettings=LoggerSettings{maxDocumentLength=1000}, clusterSettings={hosts=[127.0.0.1:27017], srvHost=cluster1.bc6zu.mongodb.net, srvServiceName=mongodb, mode=MULTIPLE, requiredClusterType=REPLICA_SET, requiredReplicaSetName='atlas-yy0gcr-shard-0', serverSelector='null', clusterListeners='[]', serverSelectionTimeout='30000 ms', localThreshold='15 ms'}, socketSettings=SocketSettings{connectTimeoutMS=10000, readTimeoutMS=0, receiveBufferSize=0, proxySettings=ProxySettings{host=null, port=null, username=null, password=null}}, heartbeatSocketSettings=SocketSettings{connectTimeoutMS=10000, readTimeoutMS=10000, receiveBufferSize=0, proxySettings=ProxySettings{host=null, port=null, username=null, password=null}}, connectionPoolSettings=ConnectionPoolSettings{maxSize=100, minSize=0, maxWaitTimeMS=120000, maxConnectionLifeTimeMS=0, maxConnectionIdleTimeMS=0, maintenanceInitialDelayMS=0, maintenanceFrequencyMS=60000, connectionPoolListeners=[], maxConnecting=2}, serverSettings=ServerSettings{heartbeatFrequencyMS=10000, minHeartbeatFrequencyMS=500, serverMonitoringMode=AUTO, serverListeners='[]', serverMonitorListeners='[]'}, sslSettings=SslSettings{enabled=true, invalidHostNameAllowed=false, context=null}, applicationName='null', compressorList=[], uuidRepresentation=JAVA_LEGACY, serverApi=null, autoEncryptionSettings=null, dnsClient=null, inetAddressResolver=null, contextProvider=null, timeoutMS=null}
2025-04-08T10:27:24.121+05:30  INFO 26276 --- [RRTS] [6zu.mongodb.net] org.mongodb.driver.cluster               : Adding discovered server cluster1-shard-00-02.bc6zu.mongodb.net:27017 to client view of cluster
2025-04-08T10:27:24.170+05:30  INFO 26276 --- [RRTS] [6zu.mongodb.net] org.mongodb.driver.cluster               : Adding discovered server cluster1-shard-00-00.bc6zu.mongodb.net:27017 to client view of cluster
2025-04-08T10:27:24.173+05:30  INFO 26276 --- [RRTS] [6zu.mongodb.net] org.mongodb.driver.cluster               : Adding discovered server cluster1-shard-00-01.bc6zu.mongodb.net:27017 to client view of cluster
2025-04-08T10:27:25.281+05:30  INFO 26276 --- [RRTS] [ngodb.net:27017] org.mongodb.driver.cluster               : Monitor thread successfully connected to server with description ServerDescription{address=cluster1-shard-00-01.bc6zu.mongodb.net:27017, type=REPLICA_SET_SECONDARY, cryptd=false, state=CONNECTED, ok=true, minWireVersion=0, maxWireVersion=25, maxDocumentSize=16777216, logicalSessionTimeoutMinutes=30, roundTripTimeNanos=576334100, minRoundTripTimeNanos=0, setName='atlas-yy0gcr-shard-0', canonicalAddress=cluster1-shard-00-01.bc6zu.mongodb.net:27017, hosts=[cluster1-shard-00-02.bc6zu.mongodb.net:27017, cluster1-shard-00-01.bc6zu.mongodb.net:27017, cluster1-shard-00-00.bc6zu.mongodb.net:27017], passives=[], arbiters=[], primary='cluster1-shard-00-02.bc6zu.mongodb.net:27017', tagSet=TagSet{[Tag{name='availabilityZone', value='asia-south1-b'}, Tag{name='diskState', value='READY'}, Tag{name='nodeType', value='ELECTABLE'}, Tag{name='provider', value='GCP'}, Tag{name='region', value='ASIA_SOUTH_1'}, Tag{name='workloadType', value='OPERATIONAL'}]}, electionId=null, setVersion=1, topologyVersion=TopologyVersion{processId=67ed790c545bb5507f222dae, counter=3}, lastWriteDate=Tue Apr 08 10:27:21 IST 2025, lastUpdateTimeNanos=3052123329900}
2025-04-08T10:27:25.281+05:30  INFO 26276 --- [RRTS] [ngodb.net:27017] org.mongodb.driver.cluster               : Monitor thread successfully connected to server with description ServerDescription{address=cluster1-shard-00-02.bc6zu.mongodb.net:27017, type=REPLICA_SET_PRIMARY, cryptd=false, state=CONNECTED, ok=true, minWireVersion=0, maxWireVersion=25, maxDocumentSize=16777216, logicalSessionTimeoutMinutes=30, roundTripTimeNanos=584628300, minRoundTripTimeNanos=0, setName='atlas-yy0gcr-shard-0', canonicalAddress=cluster1-shard-00-02.bc6zu.mongodb.net:27017, hosts=[cluster1-shard-00-02.bc6zu.mongodb.net:27017, cluster1-shard-00-01.bc6zu.mongodb.net:27017, cluster1-shard-00-00.bc6zu.mongodb.net:27017], passives=[], arbiters=[], primary='cluster1-shard-00-02.bc6zu.mongodb.net:27017', tagSet=TagSet{[Tag{name='availabilityZone', value='asia-south1-c'}, Tag{name='diskState', value='READY'}, Tag{name='nodeType', value='ELECTABLE'}, Tag{name='provider', value='GCP'}, Tag{name='region', value='ASIA_SOUTH_1'}, Tag{name='workloadType', value='OPERATIONAL'}]}, electionId=7fffffff0000000000000005, setVersion=1, topologyVersion=TopologyVersion{processId=67ed7587f578de8e7c932f35, counter=6}, lastWriteDate=Tue Apr 08 10:27:21 GMT+05:30 2025, lastUpdateTimeNanos=3052123385500}
2025-04-08T10:27:25.281+05:30  INFO 26276 --- [RRTS] [ngodb.net:27017] org.mongodb.driver.cluster               : Monitor thread successfully connected to server with description ServerDescription{address=cluster1-shard-00-00.bc6zu.mongodb.net:27017, type=REPLICA_SET_SECONDARY, cryptd=false, state=CONNECTED, ok=true, minWireVersion=0, maxWireVersion=25, maxDocumentSize=16777216, logicalSessionTimeoutMinutes=30, roundTripTimeNanos=584638800, minRoundTripTimeNanos=0, setName='atlas-yy0gcr-shard-0', canonicalAddress=cluster1-shard-00-00.bc6zu.mongodb.net:27017, hosts=[cluster1-shard-00-02.bc6zu.mongodb.net:27017, cluster1-shard-00-01.bc6zu.mongodb.net:27017, cluster1-shard-00-00.bc6zu.mongodb.net:27017], passives=[], arbiters=[], primary='cluster1-shard-00-02.bc6zu.mongodb.net:27017', tagSet=TagSet{[Tag{name='availabilityZone', value='asia-south1-a'}, Tag{name='diskState', value='READY'}, Tag{name='nodeType', value='ELECTABLE'}, Tag{name='provider', value='GCP'}, Tag{name='region', value='ASIA_SOUTH_1'}, Tag{name='workloadType', value='OPERATIONAL'}]}, electionId=null, setVersion=1, topologyVersion=TopologyVersion{processId=67ed71624e1a0564d552d87c, counter=4}, lastWriteDate=Tue Apr 08 10:27:21 GMT+05:30 2025, lastUpdateTimeNanos=3052123396200}
2025-04-08T10:27:25.288+05:30  INFO 26276 --- [RRTS] [ngodb.net:27017] org.mongodb.driver.cluster               : Discovered replica set primary cluster1-shard-00-02.bc6zu.mongodb.net:27017 with max election id 7fffffff0000000000000005 and max set version 1
2025-04-08T10:27:25.530+05:30  INFO 26276 --- [RRTS] [           main] com.RRTS.RRTS.RrtsApplicationTests       : Started RrtsApplicationTests in 3.444 seconds (process running for 4.481)
]]></system-out>
    <system-err><![CDATA[Mockito is currently self-attaching to enable the inline-mock-maker. This will no longer work in future releases of the JDK. Please add Mockito as an agent to your build what is described in Mockito's documentation: https://javadoc.io/doc/org.mockito/mockito-core/latest/org/mockito/Mockito.html#0.3
WARNING: A Java agent has been loaded dynamically (C:\Users\aditj\.m2\repository\net\bytebuddy\byte-buddy-agent\1.15.11\byte-buddy-agent-1.15.11.jar)
WARNING: If a serviceability tool is in use, please run with -XX:+EnableDynamicAgentLoading to hide this warning
WARNING: If a serviceability tool is not in use, please run with -Djdk.instrument.traceUsage for more information
WARNING: Dynamic loading of agents will be disallowed by default in a future release
]]></system-err>
  </testcase>
</testsuite>